<?xml version="1.0" encoding="UTF-8"?>
<!-- Generated by org.testng.reporters.JUnitReportReporter -->
<testsuite skipped="0" hostname="DESKTOP-6666Q7V" name="org.poms.ExecutionTestNg" tests="3" failures="0" timestamp="25 Mar 2023 10:38:34 GMT" time="53.056" errors="0">
  <testcase name="tc01" time="11.297" classname="org.poms.ExecutionTestNg"/>
  <testcase name="tc01" time="22.178" classname="org.poms.ExecutionTestNg"/>
  <testcase name="tc01" time="19.581" classname="org.poms.ExecutionTestNg"/>
</testsuite> <!-- org.poms.ExecutionTestNg -->
